Determining if the pthread_create exist failed with the following output:
Change Dir: /home/borjartime/IdeaProjects/FlexManSys/build/CMakeFiles/CMakeTmp

Run Build Command:"/usr/bin/make" "cmTC_eb3f1/fast"
/usr/bin/make -f CMakeFiles/cmTC_eb3f1.dir/build.make CMakeFiles/cmTC_eb3f1.dir/build
make[1]: Entering directory '/home/borjartime/IdeaProjects/FlexManSys/build/CMakeFiles/CMakeTmp'
Building C object CMakeFiles/cmTC_eb3f1.dir/CheckSymbolExists.c.o
/usr/bin/cc     -o CMakeFiles/cmTC_eb3f1.dir/CheckSymbolExists.c.o   -c /home/borjartime/IdeaProjects/FlexManSys/build/CMakeFiles/CMakeTmp/CheckSymbolExists.c
Linking C executable cmTC_eb3f1
/usr/bin/cmake -E cmake_link_script CMakeFiles/cmTC_eb3f1.dir/link.txt --verbose=1
/usr/bin/cc       CMakeFiles/cmTC_eb3f1.dir/CheckSymbolExists.c.o  -o cmTC_eb3f1 -rdynamic 
CMakeFiles/cmTC_eb3f1.dir/CheckSymbolExists.c.o: In function `main':
CheckSymbolExists.c:(.text+0x16): undefined reference to `pthread_create'
collect2: error: ld returned 1 exit status
CMakeFiles/cmTC_eb3f1.dir/build.make:97: recipe for target 'cmTC_eb3f1' failed
make[1]: *** [cmTC_eb3f1] Error 1
make[1]: Leaving directory '/home/borjartime/IdeaProjects/FlexManSys/build/CMakeFiles/CMakeTmp'
Makefile:126: recipe for target 'cmTC_eb3f1/fast' failed
make: *** [cmTC_eb3f1/fast] Error 2

File /home/borjartime/IdeaProjects/FlexManSys/build/CMakeFiles/CMakeTmp/CheckSymbolExists.c:
/* */
#include <pthread.h>

int main(int argc, char** argv)
{
  (void)argv;
#ifndef pthread_create
  return ((int*)(&pthread_create))[argc];
#else
  (void)argc;
  return 0;
#endif
}

Determining if the function pthread_create exists in the pthreads failed with the following output:
Change Dir: /home/borjartime/IdeaProjects/FlexManSys/build/CMakeFiles/CMakeTmp

Run Build Command:"/usr/bin/make" "cmTC_deede/fast"
/usr/bin/make -f CMakeFiles/cmTC_deede.dir/build.make CMakeFiles/cmTC_deede.dir/build
make[1]: Entering directory '/home/borjartime/IdeaProjects/FlexManSys/build/CMakeFiles/CMakeTmp'
Building C object CMakeFiles/cmTC_deede.dir/CheckFunctionExists.c.o
/usr/bin/cc    -DCHECK_FUNCTION_EXISTS=pthread_create   -o CMakeFiles/cmTC_deede.dir/CheckFunctionExists.c.o   -c /usr/share/cmake-3.5/Modules/CheckFunctionExists.c
Linking C executable cmTC_deede
/usr/bin/cmake -E cmake_link_script CMakeFiles/cmTC_deede.dir/link.txt --verbose=1
/usr/bin/cc   -DCHECK_FUNCTION_EXISTS=pthread_create    CMakeFiles/cmTC_deede.dir/CheckFunctionExists.c.o  -o cmTC_deede -rdynamic -lpthreads 
/usr/bin/ld: cannot find -lpthreads
collect2: error: ld returned 1 exit status
CMakeFiles/cmTC_deede.dir/build.make:97: recipe for target 'cmTC_deede' failed
make[1]: *** [cmTC_deede] Error 1
make[1]: Leaving directory '/home/borjartime/IdeaProjects/FlexManSys/build/CMakeFiles/CMakeTmp'
Makefile:126: recipe for target 'cmTC_deede/fast' failed
make: *** [cmTC_deede/fast] Error 2


